@options.main_page : ruby_3_3_0_preview2/README.md
f.inspect  : #<RDoc::TopLevel:0x578 "NEWS-1.8.7" modules: [] classes: []>; f.full_name = NEWS/NEWS-1.8.7
f.inspect  : #<RDoc::TopLevel:0x58c "NEWS-1.9.1" modules: [] classes: []>; f.full_name = NEWS/NEWS-1.9.1
f.inspect  : #<RDoc::TopLevel:0x5a0 "NEWS-1.9.2" modules: [] classes: []>; f.full_name = NEWS/NEWS-1.9.2
f.inspect  : #<RDoc::TopLevel:0x5b4 "NEWS-1.9.3" modules: [] classes: []>; f.full_name = NEWS/NEWS-1.9.3
f.inspect  : #<RDoc::TopLevel:0x5c8 "NEWS-2.0.0" modules: [] classes: []>; f.full_name = NEWS/NEWS-2.0.0
f.inspect  : #<RDoc::TopLevel:0x5dc "NEWS-2.1.0" modules: [] classes: []>; f.full_name = NEWS/NEWS-2.1.0
f.inspect  : #<RDoc::TopLevel:0x5f0 "NEWS-2.2.0" modules: [] classes: []>; f.full_name = NEWS/NEWS-2.2.0
f.inspect  : #<RDoc::TopLevel:0x604 "NEWS-2.3.0" modules: [] classes: []>; f.full_name = NEWS/NEWS-2.3.0
f.inspect  : #<RDoc::TopLevel:0x618 "NEWS-2.4.0" modules: [] classes: []>; f.full_name = NEWS/NEWS-2.4.0
f.inspect  : #<RDoc::TopLevel:0x62c "NEWS-2.5.0" modules: [] classes: []>; f.full_name = NEWS/NEWS-2.5.0
f.inspect  : #<RDoc::TopLevel:0x640 "NEWS-2.6.0" modules: [] classes: []>; f.full_name = NEWS/NEWS-2.6.0
f.inspect  : #<RDoc::TopLevel:0x654 "NEWS-2.7.0" modules: [] classes: []>; f.full_name = NEWS/NEWS-2.7.0
f.inspect  : #<RDoc::TopLevel:0x668 "NEWS-3.0.0.md" modules: [] classes: []>; f.full_name = NEWS/NEWS-3.0.0.md
f.inspect  : #<RDoc::TopLevel:0x67c "NEWS-3.1.0.md" modules: [] classes: []>; f.full_name = NEWS/NEWS-3.1.0.md
f.inspect  : #<RDoc::TopLevel:0x690 "NEWS-3.2.0.md" modules: [] classes: []>; f.full_name = NEWS/NEWS-3.2.0.md
f.inspect  : #<RDoc::TopLevel:0x6a4 "bsearch.rdoc" modules: [] classes: []>; f.full_name = bsearch.rdoc
f.inspect  : #<RDoc::TopLevel:0x6b8 "bug_triaging.rdoc" modules: [] classes: []>; f.full_name = bug_triaging.rdoc
f.inspect  : #<RDoc::TopLevel:0x6cc "case_mapping.rdoc" modules: [] classes: []>; f.full_name = case_mapping.rdoc
f.inspect  : #<RDoc::TopLevel:0x6e0 "character_selectors.rdoc" modules: [] classes: []>; f.full_name = character_selectors.rdoc
f.inspect  : #<RDoc::TopLevel:0x6f4 "command_injection.rdoc" modules: [] classes: []>; f.full_name = command_injection.rdoc
f.inspect  : #<RDoc::TopLevel:0x708 "contributing.md" modules: [] classes: []>; f.full_name = contributing.md
f.inspect  : #<RDoc::TopLevel:0x71c "building_ruby.md" modules: [] classes: []>; f.full_name = contributing/building_ruby.md
f.inspect  : #<RDoc::TopLevel:0x730 "documentation_guide.md" modules: [] classes: []>; f.full_name = contributing/documentation_guide.md
f.inspect  : #<RDoc::TopLevel:0x744 "glossary.md" modules: [] classes: []>; f.full_name = contributing/glossary.md
f.inspect  : #<RDoc::TopLevel:0x758 "making_changes_to_ruby.md" modules: [] classes: []>; f.full_name = contributing/making_changes_to_ruby.md
f.inspect  : #<RDoc::TopLevel:0x76c "making_changes_to_stdlibs.md" modules: [] classes: []>; f.full_name = contributing/making_changes_to_stdlibs.md
f.inspect  : #<RDoc::TopLevel:0x780 "reporting_issues.md" modules: [] classes: []>; f.full_name = contributing/reporting_issues.md
f.inspect  : #<RDoc::TopLevel:0x794 "testing_ruby.md" modules: [] classes: []>; f.full_name = contributing/testing_ruby.md
f.inspect  : #<RDoc::TopLevel:0x7a8 "dig_methods.rdoc" modules: [] classes: []>; f.full_name = dig_methods.rdoc
f.inspect  : #<RDoc::TopLevel:0x7bc "distribution.md" modules: [] classes: []>; f.full_name = distribution.md
f.inspect  : #<RDoc::TopLevel:0x7d0 "dtrace_probes.rdoc" modules: [] classes: []>; f.full_name = dtrace_probes.rdoc
f.inspect  : #<RDoc::TopLevel:0x7e4 "encodings.rdoc" modules: [] classes: []>; f.full_name = encodings.rdoc
f.inspect  : #<RDoc::TopLevel:0x7f8 "extension.ja.rdoc" modules: [] classes: []>; f.full_name = extension.ja.rdoc
f.inspect  : #<RDoc::TopLevel:0x80c "extension.rdoc" modules: [] classes: []>; f.full_name = extension.rdoc
f.inspect  : #<RDoc::TopLevel:0x820 "fiber.md" modules: [] classes: []>; f.full_name = fiber.md
f.inspect  : #<RDoc::TopLevel:0x834 "format_specifications.rdoc" modules: [] classes: []>; f.full_name = format_specifications.rdoc
f.inspect  : #<RDoc::TopLevel:0x848 "globals.rdoc" modules: [] classes: []>; f.full_name = globals.rdoc
f.inspect  : #<RDoc::TopLevel:0x85c "implicit_conversion.rdoc" modules: [] classes: []>; f.full_name = implicit_conversion.rdoc
f.inspect  : #<RDoc::TopLevel:0x870 "keywords.rdoc" modules: [] classes: []>; f.full_name = keywords.rdoc
f.inspect  : #<RDoc::TopLevel:0x884 "maintainers.md" modules: [] classes: []>; f.full_name = maintainers.md
f.inspect  : #<RDoc::TopLevel:0x898 "marshal.rdoc" modules: [] classes: []>; f.full_name = marshal.rdoc
f.inspect  : #<RDoc::TopLevel:0x8ac "memory_view.md" modules: [] classes: []>; f.full_name = memory_view.md
f.inspect  : #<RDoc::TopLevel:0x8c0 "argument_converters.rdoc" modules: [] classes: []>; f.full_name = optparse/argument_converters.rdoc
f.inspect  : #<RDoc::TopLevel:0x8d4 "creates_option.rdoc" modules: [] classes: []>; f.full_name = optparse/creates_option.rdoc
f.inspect  : #<RDoc::TopLevel:0x8e8 "option_params.rdoc" modules: [] classes: []>; f.full_name = optparse/option_params.rdoc
f.inspect  : #<RDoc::TopLevel:0x8fc "tutorial.rdoc" modules: [] classes: []>; f.full_name = optparse/tutorial.rdoc
f.inspect  : #<RDoc::TopLevel:0x910 "packed_data.rdoc" modules: [] classes: []>; f.full_name = packed_data.rdoc
f.inspect  : #<RDoc::TopLevel:0x924 "ractor.md" modules: [] classes: []>; f.full_name = ractor.md
f.inspect  : #<RDoc::TopLevel:0x938 "markup_reference.rb" modules: [#<RDoc::NormalModule:0x94c module RDoc includes: [] extends: [] attributes: [] methods: [] aliases: []>, #<RDoc::NormalModule:0x960 module RDoc::MarkupReference::DummyModule includes: [] extends: [] attributes: [] methods: [] aliases: []>] classes: [<RDoc::NormalClass:0x974 class RDoc::MarkupReference < Object includes: [] extends: [] attributes: [#<RDoc::Attr:0x988 RDoc::MarkupReference#dummy_attribute RW (public)>, #<RDoc::Attr:0x99c RDoc::MarkupReference#dummy_attribute_alias RW (public) (alias for dummy_attribute)>] methods: [#<RDoc::AnyMethod:0x9b0 RDoc::MarkupReference::dummy_singleton_method (public)>, #<RDoc::AnyMethod:0x9c4 RDoc::MarkupReference#dummy_instance_method (public)>, #<RDoc::AnyMethod:0x9d8 RDoc::MarkupReference#dummy_instance_alias (public) (alias for dummy_instance_method)>, #<RDoc::AnyMethod:0x9ec RDoc::MarkupReference#call_seq_directive (public)>, #<RDoc::AnyMethod:0xa00 RDoc::MarkupReference#args_directive (public)>, #<RDoc::AnyMethod:0xa14 RDoc::MarkupReference#yields_directive (public)>, #<RDoc::AnyMethod:0xa28 RDoc::MarkupReference#method (public)>] aliases: []>, <RDoc::NormalClass:0xa3c class RDoc::MarkupReference::DummyClass < Object includes: [] extends: [] attributes: [] methods: [] aliases: []>]>; f.full_name = rdoc/markup_reference.rb
f.inspect  : #<RDoc::TopLevel:0xa50 "regexp.rdoc" modules: [] classes: []>; f.full_name = regexp.rdoc
f.inspect  : #<RDoc::TopLevel:0xa64 "methods.rdoc" modules: [] classes: []>; f.full_name = regexp/methods.rdoc
f.inspect  : #<RDoc::TopLevel:0xa78 "unicode_properties.rdoc" modules: [] classes: []>; f.full_name = regexp/unicode_properties.rdoc
f.inspect  : #<RDoc::TopLevel:0xa8c "COPYING" modules: [] classes: []>; f.full_name = ruby_3_3_0_preview2/COPYING
f.inspect  : #<RDoc::TopLevel:0xaa0 "COPYING.ja" modules: [] classes: []>; f.full_name = ruby_3_3_0_preview2/COPYING.ja
f.inspect  : #<RDoc::TopLevel:0xab4 "LEGAL" modules: [] classes: []>; f.full_name = ruby_3_3_0_preview2/LEGAL
f.inspect  : #<RDoc::TopLevel:0xac8 "NEWS.md" modules: [] classes: []>; f.full_name = ruby_3_3_0_preview2/NEWS.md
f.inspect  : #<RDoc::TopLevel:0xadc "README.ja.md" modules: [] classes: []>; f.full_name = ruby_3_3_0_preview2/README.ja.md
f.inspect  : #<RDoc::TopLevel:0xaf0 "README.md" modules: [] classes: []>; f.full_name = ruby_3_3_0_preview2/README.md
